[ 2016-04-10T22:45:52+08:00 ] 58.247.206.147 /wx/index.php/Home/index/index?signature=fb6b7fca9585c6bf56db221c91512c0ae454bc51&echostr=3677529452441174011&timestamp=1460299601&nonce=659986262
INFO: [ app_init ] --START--
INFO: Run Behavior\BuildLiteBehavior [ RunTime:0.000000s ]
INFO: [ app_init ] --END-- [ RunTime:0.001000s ]
INFO: [ app_begin ] --START--
INFO: Run Behavior\ReadHtmlCacheBehavior [ RunTime:0.002000s ]
INFO: [ app_begin ] --END-- [ RunTime:0.002000s ]
NOTIC: [2048] Declaration of Home\Controller\IndexController::show() should be compatible with that of Think\Controller::show() D:\wwwroot\scwwwnet\wwwroot\wx\Weixin\Home\Controller\IndexController.class.php 第 28 行.
INFO: [ app_end ] --START--
INFO: Run Behavior\ShowPageTraceBehavior [ RunTime:0.001000s ]
INFO: [ app_end ] --END-- [ RunTime:0.003000s ]

[ 2016-04-10T22:45:55+08:00 ] 101.226.103.72 /wx/index.php/Home/index/index?signature=9a4cef7884f307be1b44ac7c913dc711e14bdae2&echostr=8987939622794295285&timestamp=1460299605&nonce=457416703
INFO: [ app_init ] --START--
INFO: Run Behavior\BuildLiteBehavior [ RunTime:0.000000s ]
INFO: [ app_init ] --END-- [ RunTime:0.002000s ]
INFO: [ app_begin ] --START--
INFO: Run Behavior\ReadHtmlCacheBehavior [ RunTime:0.001000s ]
INFO: [ app_begin ] --END-- [ RunTime:0.001000s ]
NOTIC: [2048] Declaration of Home\Controller\IndexController::show() should be compatible with that of Think\Controller::show() D:\wwwroot\scwwwnet\wwwroot\wx\Weixin\Home\Controller\IndexController.class.php 第 28 行.
INFO: [ app_end ] --START--
INFO: Run Behavior\ShowPageTraceBehavior [ RunTime:0.002000s ]
INFO: [ app_end ] --END-- [ RunTime:0.002000s ]

[ 2016-04-10T22:46:03+08:00 ] 110.184.205.110 /wx/index.php/Home/index/index
INFO: [ app_init ] --START--
INFO: Run Behavior\BuildLiteBehavior [ RunTime:0.000000s ]
INFO: [ app_init ] --END-- [ RunTime:0.001000s ]
INFO: [ app_begin ] --START--
INFO: Run Behavior\ReadHtmlCacheBehavior [ RunTime:0.002000s ]
INFO: [ app_begin ] --END-- [ RunTime:0.002000s ]
NOTIC: [2048] Declaration of Home\Controller\IndexController::show() should be compatible with that of Think\Controller::show() D:\wwwroot\scwwwnet\wwwroot\wx\Weixin\Home\Controller\IndexController.class.php 第 28 行.
NOTIC: [8] Undefined index: timestamp D:\wwwroot\scwwwnet\wwwroot\wx\Weixin\Home\Controller\IndexController.class.php 第 11 行.
NOTIC: [8] Undefined index: nonce D:\wwwroot\scwwwnet\wwwroot\wx\Weixin\Home\Controller\IndexController.class.php 第 12 行.
NOTIC: [8] Undefined index: signature D:\wwwroot\scwwwnet\wwwroot\wx\Weixin\Home\Controller\IndexController.class.php 第 14 行.
INFO: [ app_end ] --START--
INFO: Run Behavior\ShowPageTraceBehavior [ RunTime:0.002000s ]
INFO: [ app_end ] --END-- [ RunTime:0.002000s ]

[ 2016-04-10T22:46:08+08:00 ] 110.184.205.110 /wx/index.php/Home/index/show
INFO: [ app_init ] --START--
INFO: Run Behavior\BuildLiteBehavior [ RunTime:0.000000s ]
INFO: [ app_init ] --END-- [ RunTime:0.001000s ]
INFO: [ app_begin ] --START--
INFO: Run Behavior\ReadHtmlCacheBehavior [ RunTime:0.001000s ]
INFO: [ app_begin ] --END-- [ RunTime:0.001000s ]
NOTIC: [2048] Declaration of Home\Controller\IndexController::show() should be compatible with that of Think\Controller::show() D:\wwwroot\scwwwnet\wwwroot\wx\Weixin\Home\Controller\IndexController.class.php 第 28 行.
INFO: [ app_end ] --START--
INFO: Run Behavior\ShowPageTraceBehavior [ RunTime:0.002000s ]
INFO: [ app_end ] --END-- [ RunTime:0.002000s ]

[ 2016-04-10T22:46:10+08:00 ] 110.184.205.110 /wx/index.php/Home/index/show
INFO: [ app_init ] --START--
INFO: Run Behavior\BuildLiteBehavior [ RunTime:0.000000s ]
INFO: [ app_init ] --END-- [ RunTime:0.001000s ]
INFO: [ app_begin ] --START--
INFO: Run Behavior\ReadHtmlCacheBehavior [ RunTime:0.002000s ]
INFO: [ app_begin ] --END-- [ RunTime:0.002000s ]
NOTIC: [2048] Declaration of Home\Controller\IndexController::show() should be compatible with that of Think\Controller::show() D:\wwwroot\scwwwnet\wwwroot\wx\Weixin\Home\Controller\IndexController.class.php 第 28 行.
INFO: [ app_end ] --START--
INFO: Run Behavior\ShowPageTraceBehavior [ RunTime:0.002000s ]
INFO: [ app_end ] --END-- [ RunTime:0.002000s ]

[ 2016-04-10T22:46:14+08:00 ] 110.184.205.110 /wx/index.php/Home/index/index
INFO: [ app_init ] --START--
INFO: Run Behavior\BuildLiteBehavior [ RunTime:0.000000s ]
INFO: [ app_init ] --END-- [ RunTime:0.001000s ]
INFO: [ app_begin ] --START--
INFO: Run Behavior\ReadHtmlCacheBehavior [ RunTime:0.001000s ]
INFO: [ app_begin ] --END-- [ RunTime:0.001000s ]
NOTIC: [2048] Declaration of Home\Controller\IndexController::show() should be compatible with that of Think\Controller::show() D:\wwwroot\scwwwnet\wwwroot\wx\Weixin\Home\Controller\IndexController.class.php 第 28 行.
NOTIC: [8] Undefined index: timestamp D:\wwwroot\scwwwnet\wwwroot\wx\Weixin\Home\Controller\IndexController.class.php 第 11 行.
NOTIC: [8] Undefined index: nonce D:\wwwroot\scwwwnet\wwwroot\wx\Weixin\Home\Controller\IndexController.class.php 第 12 行.
NOTIC: [8] Undefined index: signature D:\wwwroot\scwwwnet\wwwroot\wx\Weixin\Home\Controller\IndexController.class.php 第 14 行.
INFO: [ app_end ] --START--
INFO: Run Behavior\ShowPageTraceBehavior [ RunTime:0.002000s ]
INFO: [ app_end ] --END-- [ RunTime:0.002000s ]

[ 2016-04-10T22:46:18+08:00 ] 101.226.103.63 /wx/index.php/Home/index/index?signature=3be17f916dff4ea2865b577a0c8691b07d55de2a&echostr=575494627321935740&timestamp=1460299628&nonce=1640612806
INFO: [ app_init ] --START--
INFO: Run Behavior\BuildLiteBehavior [ RunTime:0.000000s ]
INFO: [ app_init ] --END-- [ RunTime:0.002000s ]
INFO: [ app_begin ] --START--
INFO: Run Behavior\ReadHtmlCacheBehavior [ RunTime:0.001000s ]
INFO: [ app_begin ] --END-- [ RunTime:0.002000s ]
NOTIC: [2048] Declaration of Home\Controller\IndexController::show() should be compatible with that of Think\Controller::show() D:\wwwroot\scwwwnet\wwwroot\wx\Weixin\Home\Controller\IndexController.class.php 第 28 行.
INFO: [ app_end ] --START--
INFO: Run Behavior\ShowPageTraceBehavior [ RunTime:0.001000s ]
INFO: [ app_end ] --END-- [ RunTime:0.002000s ]

[ 2016-04-10T23:20:08+08:00 ] 101.226.62.85 /wx/index.php/Home/index/index?signature=c074e4368308d7a3a89d50d13adfa1ee5c3926c8&timestamp=1460301657&nonce=1389297663&encrypt_type=aes&msg_signature=5e841991e25178168b3024362344a4adeb55faf9
INFO: [ app_init ] --START--
INFO: Run Behavior\BuildLiteBehavior [ RunTime:0.000000s ]
INFO: [ app_init ] --END-- [ RunTime:0.001000s ]
INFO: [ app_begin ] --START--
INFO: Run Behavior\ReadHtmlCacheBehavior [ RunTime:0.001000s ]
INFO: [ app_begin ] --END-- [ RunTime:0.001000s ]
NOTIC: [8] Undefined index: echostr D:\wwwroot\scwwwnet\wwwroot\wx\Weixin\Home\Controller\IndexController.class.php 第 15 行.
INFO: [ app_end ] --START--
INFO: Run Behavior\ShowPageTraceBehavior [ RunTime:0.002000s ]
INFO: [ app_end ] --END-- [ RunTime:0.002000s ]

[ 2016-04-10T23:20:10+08:00 ] 101.226.62.85 /wx/index.php/Home/index/index?signature=437ed61423fdbca36b11f45d34fe63414bf68095&timestamp=1460301660&nonce=725057871&encrypt_type=aes&msg_signature=c95679fb18cd961a068d7b9853dab111260787d6
INFO: [ app_init ] --START--
INFO: Run Behavior\BuildLiteBehavior [ RunTime:0.000000s ]
INFO: [ app_init ] --END-- [ RunTime:0.001000s ]
INFO: [ app_begin ] --START--
INFO: Run Behavior\ReadHtmlCacheBehavior [ RunTime:0.001000s ]
INFO: [ app_begin ] --END-- [ RunTime:0.001000s ]
NOTIC: [8] Undefined index: echostr D:\wwwroot\scwwwnet\wwwroot\wx\Weixin\Home\Controller\IndexController.class.php 第 15 行.
INFO: [ app_end ] --START--
INFO: Run Behavior\ShowPageTraceBehavior [ RunTime:0.002000s ]
INFO: [ app_end ] --END-- [ RunTime:0.002000s ]

[ 2016-04-10T23:20:41+08:00 ] 101.226.62.85 /wx/index.php/Home/index/index?signature=7bd77731a708d8ae86112266a5c953cc3fa9457b&timestamp=1460301691&nonce=1390232794&encrypt_type=aes&msg_signature=c91a55f2428d8bcfc33651e03c356b4116fe6aca
INFO: [ app_init ] --START--
INFO: Run Behavior\BuildLiteBehavior [ RunTime:0.000000s ]
INFO: [ app_init ] --END-- [ RunTime:0.001000s ]
INFO: [ app_begin ] --START--
INFO: Run Behavior\ReadHtmlCacheBehavior [ RunTime:0.001000s ]
INFO: [ app_begin ] --END-- [ RunTime:0.001000s ]
NOTIC: [8] Undefined index: echostr D:\wwwroot\scwwwnet\wwwroot\wx\Weixin\Home\Controller\IndexController.class.php 第 15 行.
INFO: [ app_end ] --START--
INFO: Run Behavior\ShowPageTraceBehavior [ RunTime:0.001000s ]
INFO: [ app_end ] --END-- [ RunTime:0.001000s ]

[ 2016-04-10T23:20:45+08:00 ] 101.226.62.85 /wx/index.php/Home/index/index?signature=3e351dadf666643a6fbd95efd64e4794c9d3f36d&timestamp=1460301695&nonce=857946474&encrypt_type=aes&msg_signature=93c78b9c5d353ed7b41cefbc282dbb876b171960
INFO: [ app_init ] --START--
INFO: Run Behavior\BuildLiteBehavior [ RunTime:0.000000s ]
INFO: [ app_init ] --END-- [ RunTime:0.001000s ]
INFO: [ app_begin ] --START--
INFO: Run Behavior\ReadHtmlCacheBehavior [ RunTime:0.001000s ]
INFO: [ app_begin ] --END-- [ RunTime:0.002001s ]
NOTIC: [8] Undefined index: echostr D:\wwwroot\scwwwnet\wwwroot\wx\Weixin\Home\Controller\IndexController.class.php 第 15 行.
INFO: [ app_end ] --START--
INFO: Run Behavior\ShowPageTraceBehavior [ RunTime:0.001000s ]
INFO: [ app_end ] --END-- [ RunTime:0.001000s ]

[ 2016-04-10T23:20:52+08:00 ] 101.226.62.85 /wx/index.php/Home/index/index?signature=d2144b21332ae080f24a2accfbebd120d4cb617c&timestamp=1460301701&nonce=2091944568&encrypt_type=aes&msg_signature=da2cf171ce41e154ed479df195643f1ce05befb1
INFO: [ app_init ] --START--
INFO: Run Behavior\BuildLiteBehavior [ RunTime:0.000000s ]
INFO: [ app_init ] --END-- [ RunTime:0.001000s ]
INFO: [ app_begin ] --START--
INFO: Run Behavior\ReadHtmlCacheBehavior [ RunTime:0.001000s ]
INFO: [ app_begin ] --END-- [ RunTime:0.001000s ]
NOTIC: [8] Undefined index: echostr D:\wwwroot\scwwwnet\wwwroot\wx\Weixin\Home\Controller\IndexController.class.php 第 15 行.
INFO: [ app_end ] --START--
INFO: Run Behavior\ShowPageTraceBehavior [ RunTime:0.001001s ]
INFO: [ app_end ] --END-- [ RunTime:0.001001s ]

[ 2016-04-10T23:21:05+08:00 ] 101.226.62.85 /wx/index.php/Home/index/index?signature=e3ca061a41dcc2af1606dd95bdce938b26f79dc6&timestamp=1460301715&nonce=278319304&encrypt_type=aes&msg_signature=f95b0f856ca1adbb7e0f6c12c55da01fbbc5dc46
INFO: [ app_init ] --START--
INFO: Run Behavior\BuildLiteBehavior [ RunTime:0.000000s ]
INFO: [ app_init ] --END-- [ RunTime:0.001001s ]
INFO: [ app_begin ] --START--
INFO: Run Behavior\ReadHtmlCacheBehavior [ RunTime:0.001000s ]
INFO: [ app_begin ] --END-- [ RunTime:0.002000s ]
NOTIC: [8] Undefined index: echostr D:\wwwroot\scwwwnet\wwwroot\wx\Weixin\Home\Controller\IndexController.class.php 第 15 行.
INFO: [ app_end ] --START--
INFO: Run Behavior\ShowPageTraceBehavior [ RunTime:0.001000s ]
INFO: [ app_end ] --END-- [ RunTime:0.001000s ]

[ 2016-04-10T23:25:28+08:00 ] 101.226.62.85 /wx/index.php/Home/index/index?signature=ec3f43062c51c7118fabb89ae231e666859573af&timestamp=1460301978&nonce=141828711&encrypt_type=aes&msg_signature=27372f7b66fa3abeb32306372bc1e122bc57752e
INFO: [ app_init ] --START--
INFO: Run Behavior\BuildLiteBehavior [ RunTime:0.000000s ]
INFO: [ app_init ] --END-- [ RunTime:0.001000s ]
INFO: [ app_begin ] --START--
INFO: Run Behavior\ReadHtmlCacheBehavior [ RunTime:0.002000s ]
INFO: [ app_begin ] --END-- [ RunTime:0.002000s ]
NOTIC: [8] Undefined index: echostr D:\wwwroot\scwwwnet\wwwroot\wx\Weixin\Home\Controller\IndexController.class.php 第 15 行.
INFO: [ app_end ] --START--
INFO: Run Behavior\ShowPageTraceBehavior [ RunTime:0.001000s ]
INFO: [ app_end ] --END-- [ RunTime:0.001000s ]

[ 2016-04-10T23:25:32+08:00 ] 101.226.62.85 /wx/index.php/Home/index/index?signature=bef12f5e4220a7040c95b795bda231fea3bb6a46&timestamp=1460301982&nonce=2086720359&encrypt_type=aes&msg_signature=e547755eb2398b1a20851e154438b7cee4c1f5a7
INFO: [ app_init ] --START--
INFO: Run Behavior\BuildLiteBehavior [ RunTime:0.000000s ]
INFO: [ app_init ] --END-- [ RunTime:0.000000s ]
INFO: [ app_begin ] --START--
INFO: Run Behavior\ReadHtmlCacheBehavior [ RunTime:0.001000s ]
INFO: [ app_begin ] --END-- [ RunTime:0.001000s ]
NOTIC: [8] Undefined index: echostr D:\wwwroot\scwwwnet\wwwroot\wx\Weixin\Home\Controller\IndexController.class.php 第 15 行.
INFO: [ app_end ] --START--
INFO: Run Behavior\ShowPageTraceBehavior [ RunTime:0.001000s ]
INFO: [ app_end ] --END-- [ RunTime:0.001000s ]

[ 2016-04-10T23:25:36+08:00 ] 180.153.201.215 /wx/index.php/Home/index/index
INFO: [ app_init ] --START--
INFO: Run Behavior\BuildLiteBehavior [ RunTime:0.000000s ]
INFO: [ app_init ] --END-- [ RunTime:0.000000s ]
INFO: [ app_begin ] --START--
INFO: Run Behavior\ReadHtmlCacheBehavior [ RunTime:0.001000s ]
INFO: [ app_begin ] --END-- [ RunTime:0.001000s ]
NOTIC: [8] Undefined index: timestamp D:\wwwroot\scwwwnet\wwwroot\wx\Weixin\Home\Controller\IndexController.class.php 第 11 行.
NOTIC: [8] Undefined index: nonce D:\wwwroot\scwwwnet\wwwroot\wx\Weixin\Home\Controller\IndexController.class.php 第 12 行.
NOTIC: [8] Undefined index: signature D:\wwwroot\scwwwnet\wwwroot\wx\Weixin\Home\Controller\IndexController.class.php 第 14 行.
NOTIC: [8] Undefined index: echostr D:\wwwroot\scwwwnet\wwwroot\wx\Weixin\Home\Controller\IndexController.class.php 第 15 行.
NOTIC: [8] Undefined index: HTTP_RAW_POST_DATA D:\wwwroot\scwwwnet\wwwroot\wx\Weixin\Home\Controller\IndexController.class.php 第 33 行.
NOTIC: [8] Trying to get property of non-object D:\wwwroot\scwwwnet\wwwroot\wx\Weixin\Home\Controller\IndexController.class.php 第 45 行.
INFO: [ app_end ] --START--
INFO: Run Behavior\ShowPageTraceBehavior [ RunTime:0.001001s ]
INFO: [ app_end ] --END-- [ RunTime:0.001001s ]

[ 2016-04-10T23:26:48+08:00 ] 101.226.62.85 /wx/index.php/Home/index/index?signature=e1b3c5638e78527eabb537d95cbee16b31289bab&timestamp=1460302058&nonce=984999987&encrypt_type=aes&msg_signature=1e446a517e7d9d1fcc91b5c86447b2de5cb5fec6
INFO: [ app_init ] --START--
INFO: Run Behavior\BuildLiteBehavior [ RunTime:0.000000s ]
INFO: [ app_init ] --END-- [ RunTime:0.001000s ]
INFO: [ app_begin ] --START--
INFO: Run Behavior\ReadHtmlCacheBehavior [ RunTime:0.001000s ]
INFO: [ app_begin ] --END-- [ RunTime:0.001000s ]
NOTIC: [8] Undefined index: echostr D:\wwwroot\scwwwnet\wwwroot\wx\Weixin\Home\Controller\IndexController.class.php 第 15 行.
INFO: [ app_end ] --START--
INFO: Run Behavior\ShowPageTraceBehavior [ RunTime:0.001000s ]
INFO: [ app_end ] --END-- [ RunTime:0.002000s ]

[ 2016-04-10T23:26:52+08:00 ] 101.226.62.85 /wx/index.php/Home/index/index?signature=668debade02c2a25d44836988fe3131fb740f1f1&timestamp=1460302062&nonce=1030610561&encrypt_type=aes&msg_signature=62d5c4d77510cf4aca7bd0e88b945a56040df863
INFO: [ app_init ] --START--
INFO: Run Behavior\BuildLiteBehavior [ RunTime:0.000000s ]
INFO: [ app_init ] --END-- [ RunTime:0.001000s ]
INFO: [ app_begin ] --START--
INFO: Run Behavior\ReadHtmlCacheBehavior [ RunTime:0.001000s ]
INFO: [ app_begin ] --END-- [ RunTime:0.001000s ]
NOTIC: [8] Undefined index: echostr D:\wwwroot\scwwwnet\wwwroot\wx\Weixin\Home\Controller\IndexController.class.php 第 15 行.
INFO: [ app_end ] --START--
INFO: Run Behavior\ShowPageTraceBehavior [ RunTime:0.001000s ]
INFO: [ app_end ] --END-- [ RunTime:0.001000s ]

[ 2016-04-10T23:27:52+08:00 ] 101.226.62.85 /wx/index.php/Home/index/index?signature=b22f862a3fdc9ddbf44b8d80cbc620ac7edb6a43&timestamp=1460302121&nonce=581102890&encrypt_type=aes&msg_signature=2a957a7d361a069a95043d791861fb0f6d90124b
INFO: [ app_init ] --START--
INFO: Run Behavior\BuildLiteBehavior [ RunTime:0.000000s ]
INFO: [ app_init ] --END-- [ RunTime:0.000000s ]
INFO: [ app_begin ] --START--
INFO: Run Behavior\ReadHtmlCacheBehavior [ RunTime:0.001000s ]
INFO: [ app_begin ] --END-- [ RunTime:0.001000s ]
NOTIC: [8] Undefined index: echostr D:\wwwroot\scwwwnet\wwwroot\wx\Weixin\Home\Controller\IndexController.class.php 第 15 行.
INFO: [ app_end ] --START--
INFO: Run Behavior\ShowPageTraceBehavior [ RunTime:0.001000s ]
INFO: [ app_end ] --END-- [ RunTime:0.002000s ]

[ 2016-04-10T23:28:02+08:00 ] 101.226.62.82 /wx/index.php/Home/index/index?signature=45e67ea04a45e3241a2b8688d8b83575e0820182&timestamp=1460302132&nonce=1980235308&encrypt_type=aes&msg_signature=afa55c78e7272bc745e7c6405b37026a62c991d7
INFO: [ app_init ] --START--
INFO: Run Behavior\BuildLiteBehavior [ RunTime:0.000000s ]
INFO: [ app_init ] --END-- [ RunTime:0.001000s ]
INFO: [ app_begin ] --START--
INFO: Run Behavior\ReadHtmlCacheBehavior [ RunTime:0.001000s ]
INFO: [ app_begin ] --END-- [ RunTime:0.001000s ]
NOTIC: [8] Undefined index: echostr D:\wwwroot\scwwwnet\wwwroot\wx\Weixin\Home\Controller\IndexController.class.php 第 15 行.
INFO: [ app_end ] --START--
INFO: Run Behavior\ShowPageTraceBehavior [ RunTime:0.001000s ]
INFO: [ app_end ] --END-- [ RunTime:0.001000s ]

[ 2016-04-10T23:30:30+08:00 ] 101.226.62.85 /wx/index.php/Home/index/index?signature=2914ebed3a455fe749457863498bc0dd9fb7dfff&timestamp=1460302280&nonce=1704029719&encrypt_type=aes&msg_signature=a9a200ca807c59fbdfe8f72c71a5e8b382e04d03
INFO: [ app_init ] --START--
INFO: Run Behavior\BuildLiteBehavior [ RunTime:0.000000s ]
INFO: [ app_init ] --END-- [ RunTime:0.001000s ]
INFO: [ app_begin ] --START--
INFO: Run Behavior\ReadHtmlCacheBehavior [ RunTime:0.001000s ]
INFO: [ app_begin ] --END-- [ RunTime:0.002000s ]
NOTIC: [8] Undefined index: echostr D:\wwwroot\scwwwnet\wwwroot\wx\Weixin\Home\Controller\IndexController.class.php 第 15 行.
INFO: [ app_end ] --START--
INFO: Run Behavior\ShowPageTraceBehavior [ RunTime:0.001000s ]
INFO: [ app_end ] --END-- [ RunTime:0.001000s ]

[ 2016-04-10T23:30:32+08:00 ] 101.226.62.85 /wx/index.php/Home/index/index?signature=b88264ad58cf4df909ebdeb7f0ebc3ccce1cd263&timestamp=1460302282&nonce=249614920&encrypt_type=aes&msg_signature=c90520712692eb115660f545f0300863529ae758
INFO: [ app_init ] --START--
INFO: Run Behavior\BuildLiteBehavior [ RunTime:0.000000s ]
INFO: [ app_init ] --END-- [ RunTime:0.001000s ]
INFO: [ app_begin ] --START--
INFO: Run Behavior\ReadHtmlCacheBehavior [ RunTime:0.001000s ]
INFO: [ app_begin ] --END-- [ RunTime:0.001000s ]
NOTIC: [8] Undefined index: echostr D:\wwwroot\scwwwnet\wwwroot\wx\Weixin\Home\Controller\IndexController.class.php 第 15 行.
INFO: [ app_end ] --START--
INFO: Run Behavior\ShowPageTraceBehavior [ RunTime:0.001001s ]
INFO: [ app_end ] --END-- [ RunTime:0.001001s ]

[ 2016-04-10T23:31:24+08:00 ] 101.226.62.85 /wx/index.php/Home/index/index?signature=17b72505ceef23d3d13d85ad70350b2dc3987a40&timestamp=1460302334&nonce=1231048026&encrypt_type=aes&msg_signature=df6ee0a3acb8138815c9b70924f2b6312e7f2cb2
INFO: [ app_init ] --START--
INFO: Run Behavior\BuildLiteBehavior [ RunTime:0.001000s ]
INFO: [ app_init ] --END-- [ RunTime:0.001000s ]
INFO: [ app_begin ] --START--
INFO: Run Behavior\ReadHtmlCacheBehavior [ RunTime:0.001000s ]
INFO: [ app_begin ] --END-- [ RunTime:0.001000s ]
NOTIC: [8] Undefined index: echostr D:\wwwroot\scwwwnet\wwwroot\wx\Weixin\Home\Controller\IndexController.class.php 第 15 行.
INFO: [ app_end ] --START--
INFO: Run Behavior\ShowPageTraceBehavior [ RunTime:0.001000s ]
INFO: [ app_end ] --END-- [ RunTime:0.002000s ]

[ 2016-04-10T23:31:27+08:00 ] 101.226.62.86 /wx/index.php/Home/index/index?signature=7c7fb9e04e7baa7871c6f6b14cc3ab48dc8f87f8&timestamp=1460302337&nonce=1382331691&encrypt_type=aes&msg_signature=e7c4422ba571daaa9c6df541a7e727b1c8ced3ef
INFO: [ app_init ] --START--
INFO: Run Behavior\BuildLiteBehavior [ RunTime:0.000000s ]
INFO: [ app_init ] --END-- [ RunTime:0.000000s ]
INFO: [ app_begin ] --START--
INFO: Run Behavior\ReadHtmlCacheBehavior [ RunTime:0.001000s ]
INFO: [ app_begin ] --END-- [ RunTime:0.001000s ]
NOTIC: [8] Undefined index: echostr D:\wwwroot\scwwwnet\wwwroot\wx\Weixin\Home\Controller\IndexController.class.php 第 15 行.
INFO: [ app_end ] --START--
INFO: Run Behavior\ShowPageTraceBehavior [ RunTime:0.001000s ]
INFO: [ app_end ] --END-- [ RunTime:0.001000s ]

[ 2016-04-10T23:37:56+08:00 ] 101.226.62.83 /wx/index.php/Home/index/index?signature=1ab7de3553dac3782fc6a74dc1a174ebdc7c1c33&timestamp=1460302726&nonce=424534445&encrypt_type=aes&msg_signature=f881eb76a29732929218c8920c1432fcc06d7639
INFO: [ app_init ] --START--
INFO: Run Behavior\BuildLiteBehavior [ RunTime:0.000000s ]
INFO: [ app_init ] --END-- [ RunTime:0.002000s ]
INFO: [ app_begin ] --START--
INFO: Run Behavior\ReadHtmlCacheBehavior [ RunTime:0.001000s ]
INFO: [ app_begin ] --END-- [ RunTime:0.001000s ]
NOTIC: [8] Undefined index: echostr D:\wwwroot\scwwwnet\wwwroot\wx\Weixin\Home\Controller\IndexController.class.php 第 15 行.
INFO: [ app_end ] --START--
INFO: Run Behavior\ShowPageTraceBehavior [ RunTime:0.001000s ]
INFO: [ app_end ] --END-- [ RunTime:0.001000s ]

[ 2016-04-10T23:38:01+08:00 ] 101.226.62.85 /wx/index.php/Home/index/index?signature=b8d44db5d0ebee9ce61dcde509e8c35112f69872&timestamp=1460302731&nonce=1722754184&encrypt_type=aes&msg_signature=b4cd5695945f746faef81a542a5cb4a8736f3170
INFO: [ app_init ] --START--
INFO: Run Behavior\BuildLiteBehavior [ RunTime:0.000000s ]
INFO: [ app_init ] --END-- [ RunTime:0.001000s ]
INFO: [ app_begin ] --START--
INFO: Run Behavior\ReadHtmlCacheBehavior [ RunTime:0.002000s ]
INFO: [ app_begin ] --END-- [ RunTime:0.002000s ]
NOTIC: [8] Undefined index: echostr D:\wwwroot\scwwwnet\wwwroot\wx\Weixin\Home\Controller\IndexController.class.php 第 15 行.
INFO: [ app_end ] --START--
INFO: Run Behavior\ShowPageTraceBehavior [ RunTime:0.001000s ]
INFO: [ app_end ] --END-- [ RunTime:0.002000s ]

